<?xml version="1.0" encoding="UTF-8"?>
<testsuite name="TestSuite" time="1.341" tests="3" errors="0" skipped="2" failures="1">
  <properties>
[...]
</properties>
  <testcase name="setup" classname="test.java.testPage.WebPageTest" time="1.341">
    <failure message="Unable to create session from {&#10;  &quot;desiredCapabilities&quot;: {&#10;    &quot;appdriver-options&quot;: {&#10;      &quot;closeOnQuit&quot;: true&#10;    },&#10;    &quot;appdriver-basestate&quot;: {&#10;      &quot;type&quot;: &quot;NATIVE&quot;,&#10;      &quot;locator&quot;: &quot;\u002f\u002fWindow&quot;,&#10;      &quot;executable&quot;: &quot;APP&quot;&#10;    }&#10;  },&#10;  &quot;capabilities&quot;: {&#10;    &quot;firstMatch&quot;: [&#10;      {&#10;      }&#10;    ]&#10;  }&#10;}&#10;Build info: version: &apos;3.14.0&apos;, revision: &apos;aacccce0&apos;, time: &apos;2018-08-02T20:13:22.693Z&apos;&#10;System info: host: &apos;LAPTOP-VHHM4112&apos;, ip: &apos;192.168.1.10&apos;, os.name: &apos;Windows 10&apos;, os.arch: &apos;amd64&apos;, os.version: &apos;10.0&apos;, java.version: &apos;1.8.0_161&apos;&#10;Driver info: driver.version: unknown&#10;Command duration or timeout: 80 milliseconds" type="org.openqa.selenium.SessionNotCreatedException">org.openqa.selenium.SessionNotCreatedException: Unable to create session from {
  "desiredCapabilities": {
    "appdriver-options": {
      "closeOnQuit": true
    },
    "appdriver-basestate": {
      "type": "NATIVE",
      "locator": "\u002f\u002fWindow",
      "executable": "APP"
    }
  },
  "capabilities": {
    "firstMatch": [
      {
      }
    ]
  }
}
Build info: version: '3.14.0', revision: 'aacccce0', time: '2018-08-02T20:13:22.693Z'
System info: host: 'LAPTOP-VHHM4112', ip: '192.168.1.10', os.name: 'Windows 10', os.arch: 'amd64', os.version: '10.0', java.version: '1.8.0_161'
Driver info: driver.version: unknown
Command duration or timeout: 80 milliseconds
	at org.openqa.selenium.remote.server.NewSessionPipeline.lambda$null$4(NewSessionPipeline.java:75)
	at java.util.Optional.orElseThrow(Unknown Source)
	at org.openqa.selenium.remote.server.NewSessionPipeline.lambda$createNewSession$5(NewSessionPipeline.java:74)
	at java.util.Optional.orElseGet(Unknown Source)
	at org.openqa.selenium.remote.server.NewSessionPipeline.createNewSession(NewSessionPipeline.java:72)
	at org.openqa.selenium.remote.server.commandhandler.BeginSession.execute(BeginSession.java:65)
	at org.openqa.selenium.remote.server.WebDriverServlet.lambda$handle$3(WebDriverServlet.java:250)
	at java.util.concurrent.Executors$RunnableAdapter.call(Unknown Source)
	at java.util.concurrent.FutureTask.run(Unknown Source)
	at java.util.concurrent.ThreadPoolExecutor.runWorker(Unknown Source)
	at java.util.concurrent.ThreadPoolExecutor$Worker.run(Unknown Source)
	at java.lang.Thread.run(Unknown Source)
</failure>
    <system-out><![CDATA[[TestNGContentHandler] [WARN] It is strongly recommended to add "<!DOCTYPE suite SYSTEM "http://testng.org/testng-1.0.dtd" >" at the top of your file, otherwise TestNG may fail or not work as expected.
]]></system-out>
  </testcase>
  <testcase name="test" classname="test.java.testPage.WebPageTest" time="0">
    <skipped/>
  </testcase>
  <testcase name="closeTest" classname="test.java.testPage.WebPageTest" time="0">
    <skipped/>
  </testcase>
</testsuite>